{"/Users/ryangrimes/Makers/postCourse/JSPractise/2.MiddleLetter/src/middleLetter.js": {"path":"/Users/ryangrimes/Makers/postCourse/JSPractise/2.MiddleLetter/src/middleLetter.js","statementMap":{"0":{"start":{"line":1,"column":21},"end":{"line":20,"column":1}},"1":{"start":{"line":2,"column":2},"end":{"line":2,"column":26}},"2":{"start":{"line":3,"column":2},"end":{"line":19,"column":3}},"3":{"start":{"line":4,"column":4},"end":{"line":4,"column":36}},"4":{"start":{"line":5,"column":4},"end":{"line":5,"column":24}},"5":{"start":{"line":6,"column":4},"end":{"line":9,"column":5}},"6":{"start":{"line":7,"column":6},"end":{"line":7,"column":18}},"7":{"start":{"line":8,"column":6},"end":{"line":8,"column":16}},"8":{"start":{"line":10,"column":4},"end":{"line":10,"column":21}},"9":{"start":{"line":12,"column":4},"end":{"line":12,"column":40}},"10":{"start":{"line":13,"column":4},"end":{"line":13,"column":24}},"11":{"start":{"line":14,"column":4},"end":{"line":17,"column":5}},"12":{"start":{"line":15,"column":6},"end":{"line":15,"column":18}},"13":{"start":{"line":16,"column":6},"end":{"line":16,"column":16}},"14":{"start":{"line":18,"column":4},"end":{"line":18,"column":23}},"15":{"start":{"line":22,"column":0},"end":{"line":22,"column":30}}},"fnMap":{"0":{"name":"(anonymous_0)","decl":{"start":{"line":1,"column":21},"end":{"line":1,"column":22}},"loc":{"start":{"line":1,"column":31},"end":{"line":20,"column":1}},"line":1}},"branchMap":{"0":{"loc":{"start":{"line":3,"column":2},"end":{"line":19,"column":3}},"type":"if","locations":[{"start":{"line":3,"column":2},"end":{"line":19,"column":3}},{"start":{"line":11,"column":9},"end":{"line":19,"column":3}}],"line":3}},"s":{"0":1,"1":2,"2":2,"3":1,"4":1,"5":1,"6":2,"7":2,"8":1,"9":1,"10":1,"11":1,"12":2,"13":2,"14":1,"15":1},"f":{"0":2},"b":{"0":[1,1]},"_coverageSchema":"1a1c01bbd47fc00a2c39e90264f33305004495a9","hash":"acc807e146be34de70f5210c273c752fb00e0ce6"}
}
